TN:
SF:services\sentry.service.ts
FN:22,validateDSN
FN:43,initSentry
FN:88,(anonymous_12)
FN:106,(anonymous_13)
FN:117,(anonymous_14)
FN:164,captureException
FN:188,captureMessage
FN:210,setUser
FN:227,clearUser
FN:241,addBreadcrumb
FN:264,setTag
FN:276,setContext
FN:289,measureAsync
FN:331,(anonymous_23)
FN:345,(anonymous_24)
FN:350,(anonymous_25)
FN:355,(anonymous_26)
FNF:17
FNH:13
FNDA:25,validateDSN
FNDA:27,initSentry
FNDA:3,(anonymous_12)
FNDA:5,(anonymous_13)
FNDA:5,(anonymous_14)
FNDA:4,captureException
FNDA:3,captureMessage
FNDA:6,setUser
FNDA:2,clearUser
FNDA:8,addBreadcrumb
FNDA:4,setTag
FNDA:3,setContext
FNDA:3,measureAsync
FNDA:0,(anonymous_23)
FNDA:0,(anonymous_24)
FNDA:0,(anonymous_25)
FNDA:0,(anonymous_26)
DA:14,1
DA:15,1
DA:16,1
DA:23,25
DA:24,0
DA:28,25
DA:29,25
DA:43,1
DA:44,27
DA:47,27
DA:48,2
DA:49,2
DA:53,25
DA:54,6
DA:55,6
DA:59,19
DA:62,19
DA:65,19
DA:66,19
DA:69,19
DA:90,3
DA:91,1
DA:92,1
DA:93,1
DA:94,1
DA:98,3
DA:99,1
DA:103,3
DA:104,1
DA:105,1
DA:106,1
DA:107,5
DA:108,2
DA:114,3
DA:115,1
DA:116,1
DA:117,1
DA:118,5
DA:119,1
DA:124,3
DA:148,18
DA:164,1
DA:172,4
DA:174,4
DA:188,1
DA:196,3
DA:210,1
DA:215,6
DA:227,1
DA:228,2
DA:241,1
DA:247,8
DA:264,1
DA:265,4
DA:276,1
DA:277,3
DA:289,1
DA:293,3
DA:295,3
DA:296,3
DA:297,2
DA:299,2
DA:302,2
DA:309,2
DA:311,1
DA:312,1
DA:315,1
DA:322,1
DA:329,1
DA:332,0
DA:346,0
DA:351,0
DA:356,0
DA:366,1
LF:74
LH:69
BRDA:23,0,0,0
BRDA:23,1,0,25
BRDA:23,1,1,25
BRDA:47,2,0,2
BRDA:53,3,0,6
BRDA:59,4,0,3
BRDA:59,4,1,16
BRDA:62,5,0,3
BRDA:62,5,1,16
BRDA:66,6,0,19
BRDA:66,6,1,0
BRDA:90,7,0,1
BRDA:98,8,0,1
BRDA:103,9,0,1
BRDA:103,10,0,3
BRDA:103,10,1,1
BRDA:103,10,2,1
BRDA:107,11,0,2
BRDA:114,12,0,1
BRDA:114,13,0,3
BRDA:114,13,1,1
BRDA:114,13,2,1
BRDA:118,14,0,1
BRDA:175,15,0,4
BRDA:175,15,1,3
BRDA:190,16,0,1
BRDA:244,17,0,3
BRDA:319,18,0,1
BRDA:319,18,1,0
BRF:29
BRH:26
end_of_record
