<?xml version="1.0" encoding="UTF-8"?>
<coverage generated="1772770695961" clover="3.2.0">
  <project timestamp="1772770695961" name="All files">
    <metrics statements="74" coveredstatements="69" conditionals="29" coveredconditionals="26" methods="17" coveredmethods="13" elements="120" coveredelements="108" complexity="0" loc="74" ncloc="74" packages="1" files="1" classes="1"/>
    <file name="sentry.service.ts" path="C:\Football-app\front\services\sentry.service.ts">
      <metrics statements="74" coveredstatements="69" conditionals="29" coveredconditionals="26" methods="17" coveredmethods="13"/>
      <line num="14" count="1" type="stmt"/>
      <line num="15" count="1" type="stmt"/>
      <line num="16" count="1" type="stmt"/>
      <line num="23" count="25" type="cond" truecount="2" falsecount="1"/>
      <line num="24" count="0" type="stmt"/>
      <line num="28" count="25" type="stmt"/>
      <line num="29" count="25" type="stmt"/>
      <line num="43" count="1" type="stmt"/>
      <line num="44" count="27" type="stmt"/>
      <line num="47" count="27" type="cond" truecount="1" falsecount="0"/>
      <line num="48" count="2" type="stmt"/>
      <line num="49" count="2" type="stmt"/>
      <line num="53" count="25" type="cond" truecount="1" falsecount="0"/>
      <line num="54" count="6" type="stmt"/>
      <line num="55" count="6" type="stmt"/>
      <line num="59" count="19" type="cond" truecount="2" falsecount="0"/>
      <line num="62" count="19" type="cond" truecount="2" falsecount="0"/>
      <line num="65" count="19" type="stmt"/>
      <line num="66" count="19" type="cond" truecount="1" falsecount="1"/>
      <line num="69" count="19" type="stmt"/>
      <line num="90" count="3" type="cond" truecount="1" falsecount="0"/>
      <line num="91" count="1" type="stmt"/>
      <line num="92" count="1" type="stmt"/>
      <line num="93" count="1" type="stmt"/>
      <line num="94" count="1" type="stmt"/>
      <line num="98" count="3" type="cond" truecount="1" falsecount="0"/>
      <line num="99" count="1" type="stmt"/>
      <line num="103" count="3" type="cond" truecount="4" falsecount="0"/>
      <line num="104" count="1" type="stmt"/>
      <line num="105" count="1" type="stmt"/>
      <line num="106" count="1" type="stmt"/>
      <line num="107" count="5" type="cond" truecount="1" falsecount="0"/>
      <line num="108" count="2" type="stmt"/>
      <line num="114" count="3" type="cond" truecount="4" falsecount="0"/>
      <line num="115" count="1" type="stmt"/>
      <line num="116" count="1" type="stmt"/>
      <line num="117" count="1" type="stmt"/>
      <line num="118" count="5" type="cond" truecount="1" falsecount="0"/>
      <line num="119" count="1" type="stmt"/>
      <line num="124" count="3" type="stmt"/>
      <line num="148" count="18" type="stmt"/>
      <line num="164" count="1" type="stmt"/>
      <line num="172" count="4" type="stmt"/>
      <line num="174" count="4" type="stmt"/>
      <line num="188" count="1" type="stmt"/>
      <line num="196" count="3" type="stmt"/>
      <line num="210" count="1" type="stmt"/>
      <line num="215" count="6" type="stmt"/>
      <line num="227" count="1" type="stmt"/>
      <line num="228" count="2" type="stmt"/>
      <line num="241" count="1" type="stmt"/>
      <line num="247" count="8" type="stmt"/>
      <line num="264" count="1" type="stmt"/>
      <line num="265" count="4" type="stmt"/>
      <line num="276" count="1" type="stmt"/>
      <line num="277" count="3" type="stmt"/>
      <line num="289" count="1" type="stmt"/>
      <line num="293" count="3" type="stmt"/>
      <line num="295" count="3" type="stmt"/>
      <line num="296" count="3" type="stmt"/>
      <line num="297" count="2" type="stmt"/>
      <line num="299" count="2" type="stmt"/>
      <line num="302" count="2" type="stmt"/>
      <line num="309" count="2" type="stmt"/>
      <line num="311" count="1" type="stmt"/>
      <line num="312" count="1" type="stmt"/>
      <line num="315" count="1" type="stmt"/>
      <line num="322" count="1" type="stmt"/>
      <line num="329" count="1" type="stmt"/>
      <line num="332" count="0" type="stmt"/>
      <line num="346" count="0" type="stmt"/>
      <line num="351" count="0" type="stmt"/>
      <line num="356" count="0" type="stmt"/>
      <line num="366" count="1" type="stmt"/>
    </file>
  </project>
</coverage>
