{"C:\\Football-app\\front\\services\\sentry.service.ts": {"path":"C:\\Football-app\\front\\services\\sentry.service.ts","statementMap":{"0":{"start":{"line":43,"column":0},"end":{"line":43,"column":16}},"1":{"start":{"line":164,"column":0},"end":{"line":164,"column":16}},"2":{"start":{"line":188,"column":0},"end":{"line":188,"column":16}},"3":{"start":{"line":210,"column":0},"end":{"line":210,"column":16}},"4":{"start":{"line":227,"column":0},"end":{"line":227,"column":16}},"5":{"start":{"line":241,"column":0},"end":{"line":241,"column":16}},"6":{"start":{"line":264,"column":0},"end":{"line":264,"column":16}},"7":{"start":{"line":276,"column":0},"end":{"line":276,"column":16}},"8":{"start":{"line":289,"column":0},"end":{"line":289,"column":7}},"9":{"start":{"line":14,"column":0},"end":{"line":14,"column":47}},"10":{"start":{"line":15,"column":0},"end":{"line":15,"column":39}},"11":{"start":{"line":16,"column":0},"end":{"line":16,"column":34}},"12":{"start":{"line":23,"column":2},"end":{"line":25,"column":3}},"13":{"start":{"line":24,"column":4},"end":{"line":24,"column":17}},"14":{"start":{"line":28,"column":21},"end":{"line":28,"column":44}},"15":{"start":{"line":29,"column":2},"end":{"line":29,"column":30}},"16":{"start":{"line":44,"column":14},"end":{"line":44,"column":48}},"17":{"start":{"line":47,"column":2},"end":{"line":50,"column":3}},"18":{"start":{"line":48,"column":4},"end":{"line":48,"column":71}},"19":{"start":{"line":49,"column":4},"end":{"line":49,"column":11}},"20":{"start":{"line":53,"column":2},"end":{"line":56,"column":3}},"21":{"start":{"line":54,"column":4},"end":{"line":54,"column":71}},"22":{"start":{"line":55,"column":4},"end":{"line":55,"column":11}},"23":{"start":{"line":59,"column":22},"end":{"line":59,"column":60}},"24":{"start":{"line":62,"column":27},"end":{"line":62,"column":46}},"25":{"start":{"line":65,"column":18},"end":{"line":65,"column":47}},"26":{"start":{"line":66,"column":22},"end":{"line":67,"column":76}},"27":{"start":{"line":69,"column":2},"end":{"line":146,"column":5}},"28":{"start":{"line":90,"column":6},"end":{"line":95,"column":7}},"29":{"start":{"line":91,"column":8},"end":{"line":91,"column":51}},"30":{"start":{"line":92,"column":8},"end":{"line":92,"column":51}},"31":{"start":{"line":93,"column":8},"end":{"line":93,"column":44}},"32":{"start":{"line":94,"column":8},"end":{"line":94,"column":44}},"33":{"start":{"line":98,"column":6},"end":{"line":100,"column":7}},"34":{"start":{"line":99,"column":8},"end":{"line":99,"column":37}},"35":{"start":{"line":103,"column":6},"end":{"line":111,"column":7}},"36":{"start":{"line":104,"column":21},"end":{"line":104,"column":62}},"37":{"start":{"line":105,"column":32},"end":{"line":105,"column":84}},"38":{"start":{"line":106,"column":8},"end":{"line":110,"column":11}},"39":{"start":{"line":107,"column":10},"end":{"line":109,"column":11}},"40":{"start":{"line":108,"column":12},"end":{"line":108,"column":39}},"41":{"start":{"line":114,"column":6},"end":{"line":122,"column":7}},"42":{"start":{"line":115,"column":22},"end":{"line":115,"column":56}},"43":{"start":{"line":116,"column":32},"end":{"line":116,"column":84}},"44":{"start":{"line":117,"column":8},"end":{"line":121,"column":11}},"45":{"start":{"line":118,"column":10},"end":{"line":120,"column":11}},"46":{"start":{"line":119,"column":12},"end":{"line":119,"column":40}},"47":{"start":{"line":124,"column":6},"end":{"line":124,"column":19}},"48":{"start":{"line":148,"column":2},"end":{"line":153,"column":5}},"49":{"start":{"line":172,"column":2},"end":{"line":172,"column":46}},"50":{"start":{"line":174,"column":2},"end":{"line":178,"column":5}},"51":{"start":{"line":196,"column":2},"end":{"line":200,"column":5}},"52":{"start":{"line":215,"column":2},"end":{"line":219,"column":5}},"53":{"start":{"line":228,"column":2},"end":{"line":228,"column":23}},"54":{"start":{"line":247,"column":2},"end":{"line":253,"column":5}},"55":{"start":{"line":265,"column":2},"end":{"line":265,"column":28}},"56":{"start":{"line":277,"column":2},"end":{"line":277,"column":35}},"57":{"start":{"line":293,"column":16},"end":{"line":293,"column":26}},"58":{"start":{"line":295,"column":2},"end":{"line":323,"column":3}},"59":{"start":{"line":296,"column":19},"end":{"line":296,"column":36}},"60":{"start":{"line":297,"column":21},"end":{"line":297,"column":39}},"61":{"start":{"line":299,"column":4},"end":{"line":299,"column":64}},"62":{"start":{"line":302,"column":4},"end":{"line":307,"column":6}},"63":{"start":{"line":309,"column":4},"end":{"line":309,"column":18}},"64":{"start":{"line":311,"column":21},"end":{"line":311,"column":39}},"65":{"start":{"line":312,"column":4},"end":{"line":312,"column":71}},"66":{"start":{"line":315,"column":4},"end":{"line":320,"column":6}},"67":{"start":{"line":322,"column":4},"end":{"line":322,"column":16}},"68":{"start":{"line":329,"column":13},"end":{"line":363,"column":2}},"69":{"start":{"line":332,"column":4},"end":{"line":341,"column":7}},"70":{"start":{"line":346,"column":4},"end":{"line":346,"column":55}},"71":{"start":{"line":351,"column":4},"end":{"line":351,"column":66}},"72":{"start":{"line":356,"column":4},"end":{"line":361,"column":6}},"73":{"start":{"line":366,"column":0},"end":{"line":376,"column":2}}},"fnMap":{"0":{"name":"validateDSN","decl":{"start":{"line":22,"column":9},"end":{"line":22,"column":20}},"loc":{"start":{"line":22,"column":32},"end":{"line":30,"column":1}}},"1":{"name":"initSentry","decl":{"start":{"line":43,"column":16},"end":{"line":43,"column":26}},"loc":{"start":{"line":43,"column":26},"end":{"line":154,"column":1}}},"2":{"name":"(anonymous_12)","decl":{"start":{"line":88,"column":4},"end":{"line":88,"column":14}},"loc":{"start":{"line":88,"column":20},"end":{"line":125,"column":5}}},"3":{"name":"(anonymous_13)","decl":{"start":{"line":106,"column":32},"end":{"line":106,"column":37}},"loc":{"start":{"line":106,"column":40},"end":{"line":110,"column":9}}},"4":{"name":"(anonymous_14)","decl":{"start":{"line":117,"column":32},"end":{"line":117,"column":37}},"loc":{"start":{"line":117,"column":40},"end":{"line":121,"column":9}}},"5":{"name":"captureException","decl":{"start":{"line":164,"column":16},"end":{"line":164,"column":32}},"loc":{"start":{"line":170,"column":3},"end":{"line":179,"column":1}}},"6":{"name":"captureMessage","decl":{"start":{"line":188,"column":16},"end":{"line":188,"column":30}},"loc":{"start":{"line":194,"column":3},"end":{"line":201,"column":1}}},"7":{"name":"setUser","decl":{"start":{"line":210,"column":16},"end":{"line":210,"column":23}},"loc":{"start":{"line":214,"column":1},"end":{"line":220,"column":1}}},"8":{"name":"clearUser","decl":{"start":{"line":227,"column":16},"end":{"line":227,"column":25}},"loc":{"start":{"line":227,"column":25},"end":{"line":229,"column":1}}},"9":{"name":"addBreadcrumb","decl":{"start":{"line":241,"column":16},"end":{"line":241,"column":29}},"loc":{"start":{"line":245,"column":28},"end":{"line":254,"column":1}}},"10":{"name":"setTag","decl":{"start":{"line":264,"column":16},"end":{"line":264,"column":22}},"loc":{"start":{"line":264,"column":49},"end":{"line":266,"column":1}}},"11":{"name":"setContext","decl":{"start":{"line":276,"column":16},"end":{"line":276,"column":26}},"loc":{"start":{"line":276,"column":69},"end":{"line":278,"column":1}}},"12":{"name":"measureAsync","decl":{"start":{"line":289,"column":22},"end":{"line":289,"column":34}},"loc":{"start":{"line":291,"column":29},"end":{"line":324,"column":1}}},"13":{"name":"(anonymous_23)","decl":{"start":{"line":331,"column":16},"end":{"line":331,"column":17}},"loc":{"start":{"line":331,"column":50},"end":{"line":342,"column":3}}},"14":{"name":"(anonymous_24)","decl":{"start":{"line":345,"column":15},"end":{"line":345,"column":16}},"loc":{"start":{"line":345,"column":62},"end":{"line":347,"column":3}}},"15":{"name":"(anonymous_25)","decl":{"start":{"line":350,"column":19},"end":{"line":350,"column":20}},"loc":{"start":{"line":350,"column":38},"end":{"line":352,"column":3}}},"16":{"name":"(anonymous_26)","decl":{"start":{"line":355,"column":16},"end":{"line":355,"column":17}},"loc":{"start":{"line":355,"column":53},"end":{"line":362,"column":3}}}},"branchMap":{"0":{"loc":{"start":{"line":23,"column":2},"end":{"line":25,"column":3}},"type":"if","locations":[{"start":{"line":23,"column":2},"end":{"line":25,"column":3}}]},"1":{"loc":{"start":{"line":23,"column":6},"end":{"line":23,"column":37}},"type":"binary-expr","locations":[{"start":{"line":23,"column":6},"end":{"line":23,"column":10}},{"start":{"line":23,"column":14},"end":{"line":23,"column":37}}]},"2":{"loc":{"start":{"line":47,"column":2},"end":{"line":50,"column":3}},"type":"if","locations":[{"start":{"line":47,"column":2},"end":{"line":50,"column":3}}]},"3":{"loc":{"start":{"line":53,"column":2},"end":{"line":56,"column":3}},"type":"if","locations":[{"start":{"line":53,"column":2},"end":{"line":56,"column":3}}]},"4":{"loc":{"start":{"line":59,"column":22},"end":{"line":59,"column":60}},"type":"cond-expr","locations":[{"start":{"line":59,"column":32},"end":{"line":59,"column":45}},{"start":{"line":59,"column":48},"end":{"line":59,"column":60}}]},"5":{"loc":{"start":{"line":62,"column":27},"end":{"line":62,"column":46}},"type":"cond-expr","locations":[{"start":{"line":62,"column":37},"end":{"line":62,"column":40}},{"start":{"line":62,"column":43},"end":{"line":62,"column":46}}]},"6":{"loc":{"start":{"line":66,"column":22},"end":{"line":67,"column":76}},"type":"binary-expr","locations":[{"start":{"line":66,"column":22},"end":{"line":66,"column":60}},{"start":{"line":67,"column":22},"end":{"line":67,"column":76}}]},"7":{"loc":{"start":{"line":90,"column":6},"end":{"line":95,"column":7}},"type":"if","locations":[{"start":{"line":90,"column":6},"end":{"line":95,"column":7}}]},"8":{"loc":{"start":{"line":98,"column":6},"end":{"line":100,"column":7}},"type":"if","locations":[{"start":{"line":98,"column":6},"end":{"line":100,"column":7}}]},"9":{"loc":{"start":{"line":103,"column":6},"end":{"line":111,"column":7}},"type":"if","locations":[{"start":{"line":103,"column":6},"end":{"line":111,"column":7}}]},"10":{"loc":{"start":{"line":103,"column":10},"end":{"line":103,"column":102}},"type":"binary-expr","locations":[{"start":{"line":103,"column":10},"end":{"line":103,"column":29}},{"start":{"line":103,"column":33},"end":{"line":103,"column":71}},{"start":{"line":103,"column":75},"end":{"line":103,"column":102}}]},"11":{"loc":{"start":{"line":107,"column":10},"end":{"line":109,"column":11}},"type":"if","locations":[{"start":{"line":107,"column":10},"end":{"line":109,"column":11}}]},"12":{"loc":{"start":{"line":114,"column":6},"end":{"line":122,"column":7}},"type":"if","locations":[{"start":{"line":114,"column":6},"end":{"line":122,"column":7}}]},"13":{"loc":{"start":{"line":114,"column":10},"end":{"line":114,"column":80}},"type":"binary-expr","locations":[{"start":{"line":114,"column":10},"end":{"line":114,"column":21}},{"start":{"line":114,"column":25},"end":{"line":114,"column":56}},{"start":{"line":114,"column":60},"end":{"line":114,"column":80}}]},"14":{"loc":{"start":{"line":118,"column":10},"end":{"line":120,"column":11}},"type":"if","locations":[{"start":{"line":118,"column":10},"end":{"line":120,"column":11}}]},"15":{"loc":{"start":{"line":175,"column":11},"end":{"line":175,"column":36}},"type":"binary-expr","locations":[{"start":{"line":175,"column":11},"end":{"line":175,"column":25}},{"start":{"line":175,"column":29},"end":{"line":175,"column":36}}]},"16":{"loc":{"start":{"line":190,"column":2},"end":{"line":190,"column":38}},"type":"default-arg","locations":[{"start":{"line":190,"column":32},"end":{"line":190,"column":38}}]},"17":{"loc":{"start":{"line":244,"column":2},"end":{"line":244,"column":38}},"type":"default-arg","locations":[{"start":{"line":244,"column":32},"end":{"line":244,"column":38}}]},"18":{"loc":{"start":{"line":319,"column":25},"end":{"line":319,"column":79}},"type":"cond-expr","locations":[{"start":{"line":319,"column":50},"end":{"line":319,"column":63}},{"start":{"line":319,"column":66},"end":{"line":319,"column":79}}]}},"s":{"0":1,"1":1,"2":1,"3":1,"4":1,"5":1,"6":1,"7":1,"8":1,"9":1,"10":1,"11":1,"12":25,"13":0,"14":25,"15":25,"16":27,"17":27,"18":2,"19":2,"20":25,"21":6,"22":6,"23":19,"24":19,"25":19,"26":19,"27":19,"28":3,"29":1,"30":1,"31":1,"32":1,"33":3,"34":1,"35":3,"36":1,"37":1,"38":1,"39":5,"40":2,"41":3,"42":1,"43":1,"44":1,"45":5,"46":1,"47":3,"48":18,"49":4,"50":4,"51":3,"52":6,"53":2,"54":8,"55":4,"56":3,"57":3,"58":3,"59":3,"60":2,"61":2,"62":2,"63":2,"64":1,"65":1,"66":1,"67":1,"68":1,"69":0,"70":0,"71":0,"72":0,"73":1},"f":{"0":25,"1":27,"2":3,"3":5,"4":5,"5":4,"6":3,"7":6,"8":2,"9":8,"10":4,"11":3,"12":3,"13":0,"14":0,"15":0,"16":0},"b":{"0":[0],"1":[25,25],"2":[2],"3":[6],"4":[3,16],"5":[3,16],"6":[19,0],"7":[1],"8":[1],"9":[1],"10":[3,1,1],"11":[2],"12":[1],"13":[3,1,1],"14":[1],"15":[4,3],"16":[1],"17":[3],"18":[1,0]}}
}
